<?xml version="1.0" encoding="UTF-8"?>
<!-- Generated by org.testng.reporters.JUnitXMLReporter -->
<testsuite ignored="0" hostname="JyothiCyril" failures="0" tests="3" name="Functional Test-Frames" time="13.209" errors="0" timestamp="2022-04-20T09:32:51 IST">
  <testcase classname="com.qa.testscripts.TC_WorkingWithFrames_001" name="frameByIndex" time="1.619"/>
  <testcase classname="com.qa.testscripts.TC_WorkingWithFrames_001" name="frameByName" time="5.021"/>
  <testcase classname="com.qa.testscripts.TC_WorkingWithFrames_001" name="frameByElement" time="2.662"/>
</testsuite> <!-- Functional Test-Frames -->
