<?xml version="1.0" encoding="UTF-8"?>
<!-- Generated by org.testng.reporters.JUnitXMLReporter -->
<testsuite ignored="0" hostname="JyothiCyril" failures="0" tests="3" name="Functional Test - Amazon" time="25.155" errors="0" timestamp="2022-04-19T12:05:43 IST">
  <testcase classname="com.qa.testscripts.TC_Amazon_004" name="footerLinks" time="2.188"/>
  <testcase classname="com.qa.testscripts.TC_Amazon_002" name="searchItem" time="4.702"/>
  <testcase classname="com.qa.testscripts.TC_Amazon_003" name="categoryItems" time="4.453"/>
</testsuite> <!-- Functional Test - Amazon -->
