<?xml version="1.0" encoding="UTF-8"?>
<!-- Generated by org.testng.reporters.JUnitXMLReporter -->
<testsuite ignored="0" hostname="JyothiCyril" failures="0" tests="2" name="Functional Test - Amazon - Chrome" time="44.761" errors="0" timestamp="2022-04-20T10:33:37 IST">
  <testcase classname="com.qa.testscripts.TC_Amazon_006" name="scrollByVertical" time="30.393"/>
  <testcase classname="com.qa.testscripts.TC_Amazon_006" name="scrollByElementPrensent" time="8.775"/>
</testsuite> <!-- Functional Test - Amazon - Chrome -->
