<?xml version="1.0" encoding="UTF-8"?>
<!-- Generated by org.testng.reporters.JUnitXMLReporter -->
<testsuite ignored="0" hostname="JyothiCyril" failures="0" tests="3" name="Functional Test - Amazon - Edge" time="51.92" errors="0" timestamp="2022-04-19T12:11:12 IST">
  <testcase classname="com.qa.testscripts.TC_Amazon_004" name="footerLinks" time="10.446"/>
  <testcase classname="com.qa.testscripts.TC_Amazon_003" name="categoryItems" time="2.678"/>
  <testcase classname="com.qa.testscripts.TC_Amazon_002" name="searchItem" time="8.814"/>
</testsuite> <!-- Functional Test - Amazon - Edge -->
