<?xml version="1.0" encoding="UTF-8"?>
<!-- Generated by org.testng.reporters.JUnitXMLReporter -->
<testsuite ignored="5" hostname="JyothiCyril" failures="0" tests="6" name="TestNGDemoTest" time="0.07" errors="0" timestamp="2022-04-19T10:31:33 IST">
  <testcase classname="com.qa.testng.TC_FundTransfer" name="fundtransferNEFT" time="0.004"/>
  <testcase classname="com.qa.testng.TC_FundTransfer" name="fundtransferNEFT" time="0.003"/>
  <testcase classname="com.qa.testng.TC_FundTransfer" name="fundtransferNEFT" time="0.001"/>
  <testcase classname="com.qa.testng.TC_FundTransfer" name="fundtransferIMPS" time="0.004"/>
  <testcase classname="com.qa.testng.TC_CCBillPayment" name="CCBillPayment" time="0.001"/>
  <testcase classname="com.qa.testng.TC_UtilityBillPayment" name="utilityBillPayment" time="0.001"/>
  <testcase classname="com.qa.testng.TestFixtures" name="@AfterTest closeBrowser" time="0.0">
    <ignored/>
  </testcase> <!-- @AfterTest closeBrowser -->
  <testcase classname="com.qa.testng.TestFixtures" name="@AfterTest closeBrowser" time="0.0">
    <ignored/>
  </testcase> <!-- @AfterTest closeBrowser -->
  <testcase classname="com.qa.testng.TC_FundTransfer" name="fundtransferInternational" time="0.0">
    <ignored/>
  </testcase> <!-- fundtransferInternational -->
  <testcase classname="com.qa.testng.TestFixtures" name="@BeforeTest invokeBrowser" time="0.0">
    <ignored/>
  </testcase> <!-- @BeforeTest invokeBrowser -->
  <testcase classname="com.qa.testng.TestFixtures" name="@BeforeTest invokeBrowser" time="0.0">
    <ignored/>
  </testcase> <!-- @BeforeTest invokeBrowser -->
</testsuite> <!-- TestNGDemoTest -->
