<?xml version="1.0" encoding="UTF-8"?>
<testng-results ignored="0" total="2" passed="2" failed="0" skipped="0">
  <reporter-output>
    <line>
      <![CDATA[The user is landed on Careers page]]>
    </line>
  </reporter-output>
  <suite started-at="2022-04-20T10:32:52 IST" name="Test Automation Suite" finished-at="2022-04-20T10:33:37 IST" duration-ms="44761">
    <groups>
    </groups>
    <test started-at="2022-04-20T10:32:52 IST" name="Functional Test - Amazon - Chrome" finished-at="2022-04-20T10:33:37 IST" duration-ms="44761">
      <class name="com.qa.testscripts.TC_Amazon_006">
        <test-method is-config="true" signature="setUp(java.lang.String,java.lang.String)[pri:0, instance:com.qa.testscripts.TC_Amazon_006@1a18644]" started-at="2022-04-20T10:32:52 IST" name="setUp" finished-at="2022-04-20T10:32:57 IST" duration-ms="4833" status="PASS">
          <params>
            <param index="0">
              <value>
                <![CDATA[Chrome]]>
              </value>
            </param>
            <param index="1">
              <value>
                <![CDATA[http://www.amazon.in/]]>
              </value>
            </param>
          </params>
          <reporter-output>
          </reporter-output>
        </test-method> <!-- setUp -->
        <test-method signature="scrollByVertical()[pri:1, instance:com.qa.testscripts.TC_Amazon_006@1a18644]" started-at="2022-04-20T10:32:57 IST" name="scrollByVertical" finished-at="2022-04-20T10:33:28 IST" duration-ms="30393" status="PASS">
          <reporter-output>
          </reporter-output>
        </test-method> <!-- scrollByVertical -->
        <test-method signature="scrollByElementPrensent()[pri:2, instance:com.qa.testscripts.TC_Amazon_006@1a18644]" started-at="2022-04-20T10:33:28 IST" name="scrollByElementPrensent" finished-at="2022-04-20T10:33:36 IST" duration-ms="8775" status="PASS">
          <reporter-output>
            <line>
              <![CDATA[The user is landed on Careers page]]>
            </line>
          </reporter-output>
        </test-method> <!-- scrollByElementPrensent -->
        <test-method is-config="true" signature="tearDown()[pri:0, instance:com.qa.testscripts.TC_Amazon_006@1a18644]" started-at="2022-04-20T10:33:36 IST" name="tearDown" finished-at="2022-04-20T10:33:37 IST" duration-ms="481" status="PASS">
          <reporter-output>
          </reporter-output>
        </test-method> <!-- tearDown -->
      </class> <!-- com.qa.testscripts.TC_Amazon_006 -->
    </test> <!-- Functional Test - Amazon - Chrome -->
  </suite> <!-- Test Automation Suite -->
</testng-results>
