<?xml version="1.0" encoding="UTF-8"?>
<!-- Generated by org.testng.reporters.JUnitReportReporter -->
<testsuite hostname="JyothiCyril" failures="0" tests="1" name="com.qa.testscripts.TC_Amazon_003" time="9.013" errors="0" timestamp="2022-04-20T07:48:58 IST" skipped="0">
  <testcase classname="com.qa.testscripts.TC_Amazon_003" name="categoryItems" time="9.013"/>
  <system-out>
    <![CDATA[All Categories
Alexa Skills
Amazon Devices
Amazon Fashion
Amazon Fresh
Amazon Pharmacy
Appliances
Apps & Games
Baby
Beauty
Books
Car & Motorbike
Clothing & Accessories
Collectibles
Computers & Accessories
Deals
Electronics
Furniture
Garden & Outdoors
Gift Cards
Grocery & Gourmet Foods
Health & Personal Care
Home & Kitchen
Industrial & Scientific
Jewellery
Kindle Store
Luggage & Bags
Luxury Beauty
Movies & TV Shows
Music
Musical Instruments
Office Products
Pet Supplies
Prime Video
Shoes & Handbags
Software
Sports, Fitness & Outdoors
Subscribe & Save
Tools & Home Improvement
Toys & Games
Under ₹500
Video Games
Watches]]>
  </system-out>
</testsuite> <!-- com.qa.testscripts.TC_Amazon_003 -->
